{"C:\\Users\\Arthur\\Desktop\\cursos\\unitjsTeste\\js\\teste.js": {"path":"C:\\Users\\Arthur\\Desktop\\cursos\\unitjsTeste\\js\\teste.js","statementMap":{"0":{"start":{"line":2,"column":4},"end":{"line":16,"column":5}},"1":{"start":{"line":4,"column":8},"end":{"line":10,"column":9}},"2":{"start":{"line":6,"column":12},"end":{"line":6,"column":55}},"3":{"start":{"line":9,"column":12},"end":{"line":9,"column":52}},"4":{"start":{"line":15,"column":8},"end":{"line":15,"column":44}},"5":{"start":{"line":21,"column":4},"end":{"line":21,"column":30}},"6":{"start":{"line":40,"column":0},"end":{"line":40,"column":31}}},"fnMap":{"0":{"name":"freteGratis","decl":{"start":{"line":1,"column":9},"end":{"line":1,"column":20}},"loc":{"start":{"line":1,"column":27},"end":{"line":18,"column":1}},"line":1},"1":{"name":"resposta","decl":{"start":{"line":20,"column":9},"end":{"line":20,"column":17}},"loc":{"start":{"line":20,"column":24},"end":{"line":22,"column":1}},"line":20}},"branchMap":{"0":{"loc":{"start":{"line":2,"column":4},"end":{"line":16,"column":5}},"type":"if","locations":[{"start":{"line":2,"column":4},"end":{"line":16,"column":5}},{"start":{"line":14,"column":4},"end":{"line":16,"column":5}}],"line":2},"1":{"loc":{"start":{"line":4,"column":8},"end":{"line":10,"column":9}},"type":"if","locations":[{"start":{"line":4,"column":8},"end":{"line":10,"column":9}},{"start":{"line":8,"column":12},"end":{"line":10,"column":9}}],"line":4}},"s":{"0":3,"1":2,"2":1,"3":1,"4":1,"5":0,"6":1},"f":{"0":3,"1":0},"b":{"0":[2,1],"1":[1,1]},"_coverageSchema":"1a1c01bbd47fc00a2c39e90264f33305004495a9","hash":"4a281adf3fd02cf5d742dc9bf600b4ee92e04c7f"}
}
